build/app/outputs/mapping/release/mapping.txt
# compiler: R8
# compiler_version: 1.5.64
# min_api: 16
# pg_map_id: b72e733
...
com.google.firebase.firestore.DocumentSnapshot$FieldValueOptions -> com.google.firebase.firestore.i$b:
    com.google.firebase.firestore.DocumentSnapshot$ServerTimestampBehavior serverTimestampBehavior -> a
    boolean timestampsInSnapshotsEnabled -> b
com.google.firebase.firestore.DocumentSnapshot$ServerTimestampBehavior -> com.google.firebase.firestore.i$c:
    com.google.firebase.firestore.DocumentSnapshot$ServerTimestampBehavior[] $VALUES -> e
    com.google.firebase.firestore.DocumentSnapshot$ServerTimestampBehavior ESTIMATE -> b
    com.google.firebase.firestore.DocumentSnapshot$ServerTimestampBehavior NONE -> a
    com.google.firebase.firestore.DocumentSnapshot$ServerTimestampBehavior DEFAULT -> d
    com.google.firebase.firestore.DocumentSnapshot$ServerTimestampBehavior PREVIOUS -> c
com.google.firebase.firestore.EventListener -> com.google.firebase.firestore.j:
    void onEvent(java.lang.Object,com.google.firebase.firestore.FirebaseFirestoreException) -> a
com.google.firebase.firestore.Exclude -> com.google.firebase.firestore.k:
com.google.firebase.firestore.FieldPath -> com.google.firebase.firestore.l:
    java.util.regex.Pattern RESERVED -> b
    com.google.firebase.firestore.FieldPath DOCUMENT_ID_INSTANCE -> c
    com.google.firebase.firestore.model.FieldPath internalPath -> a
    com.google.firebase.firestore.FieldPath fromDotSeparatedPath(java.lang.String) -> a
    com.google.firebase.firestore.model.FieldPath getInternalPath() -> a
    com.google.firebase.firestore.FieldPath of(java.lang.String[]) -> a
    com.google.firebase.firestore.FieldPath documentId() -> b
com.google.firebase.firestore.FieldValue -> com.google.firebase.firestore.m:
    com.google.firebase.firestore.FieldValue$DeleteFieldValue DELETE_INSTANCE -> a
    com.google.firebase.firestore.FieldValue$ServerTimestampFieldValue SERVER_TIMESTAMP_INSTANCE -> b
    com.google.firebase.firestore.FieldValue arrayRemove(java.lang.Object[]) -> a
    java.lang.String getMethodName() -> a
    com.google.firebase.firestore.FieldValue increment(double) -> a
    com.google.firebase.firestore.FieldValue increment(long) -> a
    com.google.firebase.firestore.FieldValue arrayUnion(java.lang.Object[]) -> b
    com.google.firebase.firestore.FieldValue delete() -> b
    com.google.firebase.firestore.FieldValue serverTimestamp() -> c
com.google.firebase.firestore.FieldValue$ArrayRemoveFieldValue -> com.google.firebase.firestore.m$a:
    java.util.List elements -> c
    java.lang.String getMethodName() -> a
    java.util.List getElements() -> d
com.google.firebase.firestore.FieldValue$ArrayUnionFieldValue -> com.google.firebase.firestore.m$b:
    java.util.List elements -> c
    java.lang.String getMethodName() -> a
    java.util.List getElements() -> d
com.google.firebase.firestore.FieldValue$DeleteFieldValue -> com.google.firebase.firestore.m$c:
    java.lang.String getMethodName() -> a
com.google.firebase.firestore.FieldValue$NumericIncrementFieldValue -> com.google.firebase.firestore.m$d:
    java.lang.Number operand -> c
    java.lang.String getMethodName() -> a
    java.lang.Number getOperand() -> d
com.google.firebase.firestore.FieldValue$ServerTimestampFieldValue -> com.google.firebase.firestore.m$e:
    java.lang.String getMethodName() -> a